<?xml version="1.0" encoding="UTF-8"?>
<!-- Generated by org.testng.reporters.JUnitReportReporter -->
<testsuite hostname="DheenatalansAir.fios-router.home" failures="0" tests="6" name="runner.TestRunner" time="89.685" errors="0" timestamp="2024-08-01T23:16:40 EDT" skipped="0">
  <testcase classname="runner.TestRunner" name="runScenario" time="7.418"/>
  <system-out/>
  <testcase classname="runner.TestRunner" name="runScenario" time="23.199"/>
  <system-out/>
  <testcase classname="runner.TestRunner" name="runScenario" time="21.480"/>
  <system-out/>
  <testcase classname="runner.TestRunner" name="runScenario" time="22.532"/>
  <system-out/>
  <testcase classname="runner.TestRunner" name="runScenario" time="7.783"/>
  <system-out/>
  <testcase classname="runner.TestRunner" name="runScenario" time="7.273"/>
  <system-out/>
</testsuite> <!-- runner.TestRunner -->
