<?xml version="1.0" encoding="UTF-8"?>
<!-- Generated by org.testng.reporters.JUnitReportReporter -->
<testsuite hostname="DheenatalansAir.fios-router.home" failures="0" tests="6" name="runner.TestRunner" time="75.610" errors="0" timestamp="2024-08-01T20:52:01 EDT" skipped="0">
  <testcase classname="runner.TestRunner" name="runScenario" time="24.914"/>
  <system-out/>
  <testcase classname="runner.TestRunner" name="runScenario" time="19.050"/>
  <system-out/>
  <testcase classname="runner.TestRunner" name="runScenario" time="5.978"/>
  <system-out/>
  <testcase classname="runner.TestRunner" name="runScenario" time="4.425"/>
  <system-out/>
  <testcase classname="runner.TestRunner" name="runScenario" time="4.777"/>
  <system-out/>
  <testcase classname="runner.TestRunner" name="runScenario" time="16.466"/>
  <system-out/>
</testsuite> <!-- runner.TestRunner -->
